Running: /opt/Xilinx/14.7/ISE_DS/ISE/bin/lin64/unwrapped/fuse -intstyle ise -incremental -o /home/ise/VirtualBox/Trabalho-2-Sistemas-Digitais/calculadora_fpga/tb_teclado_ps2_isim_beh.exe -prj /home/ise/VirtualBox/Trabalho-2-Sistemas-Digitais/calculadora_fpga/tb_teclado_ps2_beh.prj work.tb_teclado_ps2 
ISim P.20131013 (signature 0xfbc00daa)
Number of CPUs detected in this system: 1
Turning on mult-threading, number of parallel sub-compilation jobs: 0 
Determining compilation order of HDL files
Parsing VHDL file "/home/ise/VirtualBox/Trabalho-2-Sistemas-Digitais/calculadora_fpga/src/teclado_ps2.vhd" into library work
Parsing VHDL file "/home/ise/VirtualBox/Trabalho-2-Sistemas-Digitais/calculadora_fpga/teclado_ps2_tb.vhd" into library work
Starting static elaboration
Completed static elaboration
Fuse Memory Usage: 96648 KB
Fuse CPU Usage: 2240 ms
Compiling package standard
Compiling package std_logic_1164
Compiling package std_logic_arith
Compiling package std_logic_unsigned
Compiling architecture behavioral of entity teclado_ps2 [teclado_ps2_default]
Compiling architecture behavioral of entity tb_teclado_ps2
Time Resolution for simulation is 1ps.
Compiled 7 VHDL Units
Built simulation executable /home/ise/VirtualBox/Trabalho-2-Sistemas-Digitais/calculadora_fpga/tb_teclado_ps2_isim_beh.exe
Fuse Memory Usage: 111940 KB
Fuse CPU Usage: 2490 ms
GCC CPU Usage: 2260 ms
