--------------------------------------------------------------------------------
Release 14.7 Trace  (lin64)
Copyright (c) 1995-2013 Xilinx, Inc.  All rights reserved.

/opt/Xilinx/14.7/ISE_DS/ISE/bin/lin64/unwrapped/trce -intstyle ise -v 3 -s 5 -n
3 -fastpaths -xml top.twx top.ncd -o top.twr top.pcf

Design file:              top.ncd
Physical constraint file: top.pcf
Device,package,speed:     xc3s700an,fgg484,-5 (PRODUCTION 1.42 2013-10-13)
Report level:             verbose report

Environment Variable      Effect 
--------------------      ------ 
NONE                      No environment variables were set
--------------------------------------------------------------------------------

INFO:Timing:2698 - No timing constraints found, doing default enumeration.
INFO:Timing:3412 - To improve timing, see the Timing Closure User Guide (UG612).
INFO:Timing:2752 - To get complete path coverage, use the unconstrained paths 
   option. All paths that are not constrained will be reported in the 
   unconstrained paths section(s) of the report.
INFO:Timing:3339 - The clock-to-out numbers in this timing report are based on 
   a 50 Ohm transmission line loading model.  For the details of this model, 
   and for more information on accounting for different loading conditions, 
   please see the device datasheet.
INFO:Timing:3390 - This architecture does not support a default System Jitter 
   value, please add SYSTEM_JITTER constraint to the UCF to modify the Clock 
   Uncertainty calculation.
INFO:Timing:3389 - This architecture does not support 'Discrete Jitter' and 
   'Phase Error' calculations, these terms will be zero in the Clock 
   Uncertainty calculation.  Please make appropriate modification to 
   SYSTEM_JITTER to account for the unsupported Discrete Jitter and Phase 
   Error.



Data Sheet report:
-----------------
All values displayed in nanoseconds (ns)

Setup/Hold to clock clk
-------------+------------+------------+------------------+--------+
             |Max Setup to|Max Hold to |                  | Clock  |
Source       | clk (edge) | clk (edge) |Internal Clock(s) | Phase  |
-------------+------------+------------+------------------+--------+
dado_ascii<0>|    5.502(R)|    0.756(R)|clk_BUFGP         |   0.000|
dado_ascii<1>|    7.471(R)|   -0.206(R)|clk_BUFGP         |   0.000|
dado_ascii<2>|    7.539(R)|    0.126(R)|clk_BUFGP         |   0.000|
dado_ascii<3>|    6.346(R)|    0.954(R)|clk_BUFGP         |   0.000|
dado_ascii<4>|    7.289(R)|    0.593(R)|clk_BUFGP         |   0.000|
dado_ascii<5>|    7.084(R)|    0.755(R)|clk_BUFGP         |   0.000|
dado_ascii<6>|    6.634(R)|    0.759(R)|clk_BUFGP         |   0.000|
dado_ascii<7>|    6.352(R)|    0.563(R)|clk_BUFGP         |   0.000|
pronto       |    3.497(R)|    0.779(R)|clk_BUFGP         |   0.000|
reset        |    3.055(R)|    0.727(R)|clk_BUFGP         |   0.000|
-------------+------------+------------+------------------+--------+

Clock clk to Pad
----------------+------------+------------------+--------+
                | clk (edge) |                  | Clock  |
Destination     |   to PAD   |Internal Clock(s) | Phase  |
----------------+------------+------------------+--------+
ascii_result1<0>|    7.854(R)|clk_BUFGP         |   0.000|
ascii_result1<2>|    7.586(R)|clk_BUFGP         |   0.000|
ascii_result1<3>|    7.388(R)|clk_BUFGP         |   0.000|
ascii_result2<0>|    7.227(R)|clk_BUFGP         |   0.000|
ascii_result2<1>|    7.211(R)|clk_BUFGP         |   0.000|
ascii_result2<2>|    7.316(R)|clk_BUFGP         |   0.000|
ascii_result2<3>|    7.306(R)|clk_BUFGP         |   0.000|
ascii_result2<4>|    7.205(R)|clk_BUFGP         |   0.000|
ascii_result3<0>|    6.845(R)|clk_BUFGP         |   0.000|
ascii_result3<1>|    6.816(R)|clk_BUFGP         |   0.000|
ascii_result3<2>|    7.329(R)|clk_BUFGP         |   0.000|
ascii_result3<4>|    6.949(R)|clk_BUFGP         |   0.000|
ascii_result4<1>|    6.955(R)|clk_BUFGP         |   0.000|
ascii_result4<2>|    8.235(R)|clk_BUFGP         |   0.000|
ascii_result4<3>|    8.235(R)|clk_BUFGP         |   0.000|
ascii_result5<0>|    7.013(R)|clk_BUFGP         |   0.000|
ascii_result5<1>|    7.118(R)|clk_BUFGP         |   0.000|
ascii_result5<2>|    6.864(R)|clk_BUFGP         |   0.000|
ascii_result5<4>|    7.781(R)|clk_BUFGP         |   0.000|
resultado_pronto|    7.991(R)|clk_BUFGP         |   0.000|
----------------+------------+------------------+--------+

Clock to Setup on destination clock clk
---------------+---------+---------+---------+---------+
               | Src:Rise| Src:Fall| Src:Rise| Src:Fall|
Source Clock   |Dest:Rise|Dest:Rise|Dest:Fall|Dest:Fall|
---------------+---------+---------+---------+---------+
clk            |   10.885|         |         |         |
---------------+---------+---------+---------+---------+


Analysis completed Tue Jun 24 18:27:37 2025 
--------------------------------------------------------------------------------

Trace Settings:
-------------------------
Trace Settings 

Peak Memory Usage: 380 MB



