Release 14.7 - xst P.20131013 (lin64)
Copyright (c) 1995-2013 Xilinx, Inc.  All rights reserved.
--> 
Parameter TMPDIR set to xst/projnav.tmp


Total REAL time to Xst completion: 0.00 secs
Total CPU time to Xst completion: 0.01 secs
 
--> 
Parameter xsthdpdir set to xst


Total REAL time to Xst completion: 0.00 secs
Total CPU time to Xst completion: 0.01 secs
 
--> 
Reading design: top.prj

TABLE OF CONTENTS
  1) Synthesis Options Summary
  2) HDL Compilation
  3) Design Hierarchy Analysis
  4) HDL Analysis
  5) HDL Synthesis
     5.1) HDL Synthesis Report
  6) Advanced HDL Synthesis
     6.1) Advanced HDL Synthesis Report
  7) Low Level Synthesis
  8) Partition Report
  9) Final Report
	9.1) Device utilization summary
	9.2) Partition Resource Summary
	9.3) TIMING REPORT


=========================================================================
*                      Synthesis Options Summary                        *
=========================================================================
---- Source Parameters
Input File Name                    : "top.prj"
Input Format                       : mixed
Ignore Synthesis Constraint File   : NO

---- Target Parameters
Output File Name                   : "top"
Output Format                      : NGC
Target Device                      : xc3s700an-5-fgg484

---- Source Options
Top Module Name                    : top
Automatic FSM Extraction           : YES
FSM Encoding Algorithm             : Auto
Safe Implementation                : No
FSM Style                          : LUT
RAM Extraction                     : Yes
RAM Style                          : Auto
ROM Extraction                     : Yes
Mux Style                          : Auto
Decoder Extraction                 : YES
Priority Encoder Extraction        : Yes
Shift Register Extraction          : YES
Logical Shifter Extraction         : YES
XOR Collapsing                     : YES
ROM Style                          : Auto
Mux Extraction                     : Yes
Resource Sharing                   : YES
Asynchronous To Synchronous        : NO
Multiplier Style                   : Auto
Automatic Register Balancing       : No

---- Target Options
Add IO Buffers                     : YES
Global Maximum Fanout              : 100000
Add Generic Clock Buffer(BUFG)     : 24
Register Duplication               : YES
Slice Packing                      : YES
Optimize Instantiated Primitives   : NO
Use Clock Enable                   : Yes
Use Synchronous Set                : Yes
Use Synchronous Reset              : Yes
Pack IO Registers into IOBs        : Auto
Equivalent register Removal        : YES

---- General Options
Optimization Goal                  : Speed
Optimization Effort                : 1
Keep Hierarchy                     : No
Netlist Hierarchy                  : As_Optimized
RTL Output                         : Yes
Global Optimization                : AllClockNets
Read Cores                         : YES
Write Timing Constraints           : NO
Cross Clock Analysis               : NO
Hierarchy Separator                : /
Bus Delimiter                      : <>
Case Specifier                     : Maintain
Slice Utilization Ratio            : 100
BRAM Utilization Ratio             : 100
Verilog 2001                       : YES
Auto BRAM Packing                  : NO
Slice Utilization Ratio Delta      : 5

=========================================================================


=========================================================================
*                          HDL Compilation                              *
=========================================================================
Compiling vhdl file "/home/ise/VirtualBox/Trabalho-2-Sistemas-Digitais/calculadora_fpga/src/teclado_ps2.vhd" in Library work.
Architecture behavioral of Entity teclado_ps2 is up to date.
Compiling vhdl file "/home/ise/VirtualBox/Trabalho-2-Sistemas-Digitais/calculadora_fpga/src/top.vhd" in Library work.
Entity <top> compiled.
Entity <top> (Architecture <behavioral>) compiled.

=========================================================================
*                     Design Hierarchy Analysis                         *
=========================================================================
Analyzing hierarchy for entity <top> in library <work> (architecture <behavioral>).

Analyzing hierarchy for entity <teclado_ps2> in library <work> (architecture <Behavioral>).


=========================================================================
*                            HDL Analysis                               *
=========================================================================
Analyzing Entity <top> in library <work> (Architecture <behavioral>).
Entity <top> analyzed. Unit <top> generated.

Analyzing Entity <teclado_ps2> in library <work> (Architecture <Behavioral>).
Entity <teclado_ps2> analyzed. Unit <teclado_ps2> generated.


=========================================================================
*                           HDL Synthesis                               *
=========================================================================

Performing bidirectional port resolution...

Synthesizing Unit <teclado_ps2>.
    Related source file is "/home/ise/VirtualBox/Trabalho-2-Sistemas-Digitais/calculadora_fpga/src/teclado_ps2.vhd".
WARNING:Xst:646 - Signal <shift_reg<10:9>> is assigned but never used. This unconnected signal will be trimmed during the optimization process.
WARNING:Xst:646 - Signal <shift_reg<0>> is assigned but never used. This unconnected signal will be trimmed during the optimization process.
    Found 4-bit up counter for signal <bit_count>.
    Found 8-bit register for signal <dado_reg>.
    Found 1-bit register for signal <falling_edge_ps2>.
    Found 1-bit register for signal <is_break>.
    Found 1-bit register for signal <pronto_reg>.
    Found 3-bit register for signal <ps2_clk_sync>.
    Found 1-bit register for signal <recebido>.
    Found 8-bit register for signal <scan_code>.
    Found 8-bit register for signal <shift_reg<8:1>>.
    Summary:
	inferred   1 Counter(s).
	inferred  31 D-type flip-flop(s).
Unit <teclado_ps2> synthesized.


Synthesizing Unit <top>.
    Related source file is "/home/ise/VirtualBox/Trabalho-2-Sistemas-Digitais/calculadora_fpga/src/top.vhd".
    Found finite state machine <FSM_0> for signal <state>.
    -----------------------------------------------------------------------
    | States             | 6                                              |
    | Transitions        | 24                                             |
    | Inputs             | 7                                              |
    | Outputs            | 9                                              |
    | Clock              | clk                       (rising_edge)        |
    | Clock enable       | ps2_pronto                (positive)           |
    | Reset              | reset                     (positive)           |
    | Reset type         | synchronous                                    |
    | Reset State        | idle                                           |
    | Power Up State     | idle                                           |
    | Encoding           | automatic                                      |
    | Implementation     | LUT                                            |
    -----------------------------------------------------------------------
WARNING:Xst:643 - "/home/ise/VirtualBox/Trabalho-2-Sistemas-Digitais/calculadora_fpga/src/top.vhd" line 106: The result of a 7x4-bit multiplication is partially used. Only the 10 least significant bits are used. If you are doing this on purpose, you may safely ignore this warning. Otherwise, make sure you are not losing information, leading to unexpected circuit behavior.
WARNING:Xst:643 - "/home/ise/VirtualBox/Trabalho-2-Sistemas-Digitais/calculadora_fpga/src/top.vhd" line 138: The result of a 7x4-bit multiplication is partially used. Only the 10 least significant bits are used. If you are doing this on purpose, you may safely ignore this warning. Otherwise, make sure you are not losing information, leading to unexpected circuit behavior.
WARNING:Xst:643 - "/home/ise/VirtualBox/Trabalho-2-Sistemas-Digitais/calculadora_fpga/src/top.vhd" line 123: The result of a 7x4-bit multiplication is partially used. Only the 10 least significant bits are used. If you are doing this on purpose, you may safely ignore this warning. Otherwise, make sure you are not losing information, leading to unexpected circuit behavior.
WARNING:Xst:643 - "/home/ise/VirtualBox/Trabalho-2-Sistemas-Digitais/calculadora_fpga/src/top.vhd" line 117: The result of a 14x4-bit multiplication is partially used. Only the 11 least significant bits are used. If you are doing this on purpose, you may safely ignore this warning. Otherwise, make sure you are not losing information, leading to unexpected circuit behavior.
WARNING:Xst:643 - "/home/ise/VirtualBox/Trabalho-2-Sistemas-Digitais/calculadora_fpga/src/top.vhd" line 116: The result of a 8x5-bit multiplication is partially used. Only the 11 least significant bits are used. If you are doing this on purpose, you may safely ignore this warning. Otherwise, make sure you are not losing information, leading to unexpected circuit behavior.
WARNING:Xst:643 - "/home/ise/VirtualBox/Trabalho-2-Sistemas-Digitais/calculadora_fpga/src/top.vhd" line 115: The result of a 8x4-bit multiplication is partially used. Only the 11 least significant bits are used. If you are doing this on purpose, you may safely ignore this warning. Otherwise, make sure you are not losing information, leading to unexpected circuit behavior.
    Found 8-bit register for signal <ascii_result1>.
    Found 8-bit register for signal <ascii_result2>.
    Found 8-bit register for signal <ascii_result3>.
    Found 8-bit register for signal <ascii_result4>.
    Found 8-bit register for signal <ascii_result5>.
    Found 1-bit register for signal <resultado_pronto>.
    Found 1-bit register for signal <erro_div_zero>.
    Found 9-bit subtractor for signal <$sub0000> created at line 91.
    Found 6-bit adder for signal <ascii_result2$add0000> created at line 146.
    Found 6-bit adder for signal <ascii_result3$add0000> created at line 147.
    Found 6-bit adder for signal <ascii_result5$add0000> created at line 149.
    Found 4-bit register for signal <decimal>.
    Found 4-bit subtractor for signal <decimal$sub0000> created at line 138.
    Found 7-bit register for signal <inteiro>.
    Found 32-bit adder for signal <inteiro$add0000>.
    Found 7-bit adder for signal <inteiro$addsub0000>.
    Found 7x4-bit multiplier for signal <mult0000$mult0000> created at line 138.
    Found 1-bit register for signal <negativo>.
    Found 7-bit register for signal <op1>.
    Found 7-bit adder for signal <op1$addsub0000> created at line 91.
    Found 7-bit subtractor for signal <op1$sub0000> created at line 85.
    Found 7-bit register for signal <op2>.
    Found 7-bit adder for signal <op2$addsub0000> created at line 106.
    Found 7x4-bit multiplier for signal <op2$mult0000> created at line 106.
    Found 11-bit register for signal <resultado>.
    Found 8-bit subtractor for signal <resultado$addsub0000> created at line 116.
    Found 11-bit adder for signal <resultado$addsub0002> created at line 130.
    Found 7-bit adder carry out for signal <resultado$addsub0003> created at line 115.
    Found 11-bit comparator less for signal <resultado$cmp_lt0000> created at line 128.
    Found 8x4-bit multiplier for signal <resultado$mult0004> created at line 115.
    Found 8x5-bit multiplier for signal <resultado$mult0005> created at line 116.
    Found 14x4-bit multiplier for signal <resultado$mult0006> created at line 117.
    Found 7x4-bit multiplier for signal <resultado$mult0007> created at line 123.
    Found 7x7-bit multiplier for signal <resultado$mult0008> created at line 117.
    Found 8-bit register for signal <s_operador>.
    Found 8-bit comparator greatequal for signal <state$cmp_ge0000> created at line 84.
    Found 8-bit comparator lessequal for signal <state$cmp_le0000> created at line 84.
    Found 32-bit register for signal <tmp>.
    Found 11x9-bit multiplier for signal <tmp$mult0000> created at line 136.
    Summary:
	inferred   1 Finite State Machine(s).
	inferred 119 D-type flip-flop(s).
	inferred  13 Adder/Subtractor(s).
	inferred   8 Multiplier(s).
	inferred   3 Comparator(s).
Unit <top> synthesized.


=========================================================================
HDL Synthesis Report

Macro Statistics
# Multipliers                                          : 8
 11x9-bit multiplier                                   : 1
 14x4-bit multiplier                                   : 1
 7x4-bit multiplier                                    : 3
 7x7-bit multiplier                                    : 1
 8x4-bit multiplier                                    : 1
 8x5-bit multiplier                                    : 1
# Adders/Subtractors                                   : 13
 11-bit adder                                          : 1
 32-bit adder                                          : 1
 4-bit subtractor                                      : 1
 6-bit adder                                           : 3
 7-bit adder                                           : 3
 7-bit adder carry out                                 : 1
 7-bit subtractor                                      : 1
 8-bit subtractor                                      : 1
 9-bit subtractor                                      : 1
# Counters                                             : 1
 4-bit up counter                                      : 1
# Registers                                            : 30
 1-bit register                                        : 15
 11-bit register                                       : 1
 3-bit register                                        : 1
 32-bit register                                       : 1
 4-bit register                                        : 1
 7-bit register                                        : 3
 8-bit register                                        : 8
# Comparators                                          : 3
 11-bit comparator less                                : 1
 8-bit comparator greatequal                           : 1
 8-bit comparator lessequal                            : 1

=========================================================================

=========================================================================
*                       Advanced HDL Synthesis                          *
=========================================================================

Analyzing FSM <FSM_0> for best encoding.
Optimizing FSM <state/FSM> on signal <state[1:6]> with one-hot encoding.
----------------------
 State    | Encoding
----------------------
 idle     | 000001
 dig1     | 000010
 operador | 000100
 dig2     | 001000
 calcula  | 010000
 mostra   | 100000
----------------------
INFO:Xst:2261 - The FF/Latch <dado_reg_6> in Unit <teclado_inst> is equivalent to the following FF/Latch, which will be removed : <dado_reg_7> 
WARNING:Xst:1293 - FF/Latch <dado_reg_6> has a constant value of 0 in block <teclado_inst>. This FF/Latch will be trimmed during the optimization process.
WARNING:Xst:1895 - Due to other FF/Latch trimming, FF/Latch <ascii_result5_7> (without init value) has a constant value of 0 in block <top>. This FF/Latch will be trimmed during the optimization process.
WARNING:Xst:1895 - Due to other FF/Latch trimming, FF/Latch <ascii_result5_6> (without init value) has a constant value of 0 in block <top>. This FF/Latch will be trimmed during the optimization process.
WARNING:Xst:1895 - Due to other FF/Latch trimming, FF/Latch <ascii_result1_7> (without init value) has a constant value of 0 in block <top>. This FF/Latch will be trimmed during the optimization process.
WARNING:Xst:1895 - Due to other FF/Latch trimming, FF/Latch <ascii_result1_6> (without init value) has a constant value of 0 in block <top>. This FF/Latch will be trimmed during the optimization process.
WARNING:Xst:1895 - Due to other FF/Latch trimming, FF/Latch <ascii_result1_5> (without init value) has a constant value of 1 in block <top>. This FF/Latch will be trimmed during the optimization process.
WARNING:Xst:1895 - Due to other FF/Latch trimming, FF/Latch <ascii_result1_4> (without init value) has a constant value of 0 in block <top>. This FF/Latch will be trimmed during the optimization process.
WARNING:Xst:1895 - Due to other FF/Latch trimming, FF/Latch <ascii_result1_1> (without init value) has a constant value of 0 in block <top>. This FF/Latch will be trimmed during the optimization process.
WARNING:Xst:1895 - Due to other FF/Latch trimming, FF/Latch <ascii_result3_7> (without init value) has a constant value of 0 in block <top>. This FF/Latch will be trimmed during the optimization process.
WARNING:Xst:1895 - Due to other FF/Latch trimming, FF/Latch <ascii_result3_6> (without init value) has a constant value of 0 in block <top>. This FF/Latch will be trimmed during the optimization process.
WARNING:Xst:1895 - Due to other FF/Latch trimming, FF/Latch <ascii_result2_7> (without init value) has a constant value of 0 in block <top>. This FF/Latch will be trimmed during the optimization process.
WARNING:Xst:1895 - Due to other FF/Latch trimming, FF/Latch <ascii_result2_6> (without init value) has a constant value of 0 in block <top>. This FF/Latch will be trimmed during the optimization process.
WARNING:Xst:1896 - Due to other FF/Latch trimming, FF/Latch <s_operador_7> has a constant value of 0 in block <top>. This FF/Latch will be trimmed during the optimization process.
WARNING:Xst:1896 - Due to other FF/Latch trimming, FF/Latch <s_operador_6> has a constant value of 0 in block <top>. This FF/Latch will be trimmed during the optimization process.
WARNING:Xst:1895 - Due to other FF/Latch trimming, FF/Latch <ascii_result4_7> (without init value) has a constant value of 0 in block <top>. This FF/Latch will be trimmed during the optimization process.
WARNING:Xst:1895 - Due to other FF/Latch trimming, FF/Latch <ascii_result4_6> (without init value) has a constant value of 0 in block <top>. This FF/Latch will be trimmed during the optimization process.
WARNING:Xst:1895 - Due to other FF/Latch trimming, FF/Latch <ascii_result4_5> (without init value) has a constant value of 1 in block <top>. This FF/Latch will be trimmed during the optimization process.
WARNING:Xst:1895 - Due to other FF/Latch trimming, FF/Latch <ascii_result4_4> (without init value) has a constant value of 0 in block <top>. This FF/Latch will be trimmed during the optimization process.
WARNING:Xst:1895 - Due to other FF/Latch trimming, FF/Latch <ascii_result4_0> (without init value) has a constant value of 0 in block <top>. This FF/Latch will be trimmed during the optimization process.

Synthesizing (advanced) Unit <top>.
	Found pipelined multiplier on signal <op2_mult0000>:
		- 1 pipeline level(s) found in a register on signal <op2>.
		Pushing register(s) into the multiplier macro.
	Found pipelined multiplier on signal <resultado_mult0007>:
		- 1 pipeline level(s) found in a register on signal <op1>.
		Pushing register(s) into the multiplier macro.
	Found pipelined multiplier on signal <resultado_mult0008>:
		- 1 pipeline level(s) found in a register on signal <op1>.
		Pushing register(s) into the multiplier macro.

		- 1 pipeline level(s) found in a register on signal <op2>.
		Pushing register(s) into the multiplier macro.
	Found pipelined multiplier on signal <tmp_mult0000>:
		- 1 pipeline level(s) found in a register connected to the multiplier macro output.
		Pushing register(s) into the multiplier macro.

		- 1 pipeline level(s) found in a register on signal <resultado>.
		Pushing register(s) into the multiplier macro.
	Found pipelined multiplier on signal <mult0000_mult0000>:
		- 1 pipeline level(s) found in a register on signal <inteiro>.
		Pushing register(s) into the multiplier macro.
INFO:Xst:2385 - HDL ADVISOR - You can improve the performance of the multiplier Mmult_op2_mult0000 by adding 1 register level(s).
INFO:Xst:2385 - HDL ADVISOR - You can improve the performance of the multiplier Mmult_resultado_mult0007 by adding 1 register level(s).
INFO:Xst:2385 - HDL ADVISOR - You can improve the performance of the multiplier Mmult_resultado_mult0008 by adding 1 register level(s).
INFO:Xst:2385 - HDL ADVISOR - You can improve the performance of the multiplier Mmult_mult0000_mult0000 by adding 1 register level(s).
Unit <top> synthesized (advanced).

=========================================================================
Advanced HDL Synthesis Report

Macro Statistics
# FSMs                                                 : 1
# Multipliers                                          : 8
 11x9-bit registered multiplier                        : 1
 14x4-bit multiplier                                   : 1
 7x4-bit registered multiplier                         : 3
 7x7-bit registered multiplier                         : 1
 8x4-bit multiplier                                    : 1
 8x5-bit multiplier                                    : 1
# Adders/Subtractors                                   : 13
 11-bit adder                                          : 1
 18-bit adder                                          : 1
 4-bit subtractor                                      : 1
 6-bit adder                                           : 3
 7-bit adder                                           : 3
 7-bit adder carry out                                 : 1
 7-bit subtractor                                      : 2
 8-bit subtractor                                      : 1
# Counters                                             : 1
 4-bit up counter                                      : 1
# Registers                                            : 118
 Flip-Flops                                            : 118
# Comparators                                          : 3
 11-bit comparator less                                : 1
 8-bit comparator greatequal                           : 1
 8-bit comparator lessequal                            : 1

=========================================================================

=========================================================================
*                         Low Level Synthesis                           *
=========================================================================
WARNING:Xst:1293 - FF/Latch <dado_reg_6> has a constant value of 0 in block <teclado_ps2>. This FF/Latch will be trimmed during the optimization process.
WARNING:Xst:1896 - Due to other FF/Latch trimming, FF/Latch <dado_reg_7> has a constant value of 0 in block <teclado_ps2>. This FF/Latch will be trimmed during the optimization process.
WARNING:Xst:1710 - FF/Latch <ascii_result4_0> (without init value) has a constant value of 0 in block <top>. This FF/Latch will be trimmed during the optimization process.
WARNING:Xst:1895 - Due to other FF/Latch trimming, FF/Latch <ascii_result4_4> (without init value) has a constant value of 0 in block <top>. This FF/Latch will be trimmed during the optimization process.
WARNING:Xst:1895 - Due to other FF/Latch trimming, FF/Latch <ascii_result4_5> (without init value) has a constant value of 1 in block <top>. This FF/Latch will be trimmed during the optimization process.
WARNING:Xst:1895 - Due to other FF/Latch trimming, FF/Latch <ascii_result4_6> (without init value) has a constant value of 0 in block <top>. This FF/Latch will be trimmed during the optimization process.
WARNING:Xst:1895 - Due to other FF/Latch trimming, FF/Latch <ascii_result4_7> (without init value) has a constant value of 0 in block <top>. This FF/Latch will be trimmed during the optimization process.
WARNING:Xst:1895 - Due to other FF/Latch trimming, FF/Latch <ascii_result2_6> (without init value) has a constant value of 0 in block <top>. This FF/Latch will be trimmed during the optimization process.
WARNING:Xst:1895 - Due to other FF/Latch trimming, FF/Latch <ascii_result2_7> (without init value) has a constant value of 0 in block <top>. This FF/Latch will be trimmed during the optimization process.
WARNING:Xst:1895 - Due to other FF/Latch trimming, FF/Latch <ascii_result3_6> (without init value) has a constant value of 0 in block <top>. This FF/Latch will be trimmed during the optimization process.
WARNING:Xst:1895 - Due to other FF/Latch trimming, FF/Latch <ascii_result3_7> (without init value) has a constant value of 0 in block <top>. This FF/Latch will be trimmed during the optimization process.
WARNING:Xst:1895 - Due to other FF/Latch trimming, FF/Latch <ascii_result1_1> (without init value) has a constant value of 0 in block <top>. This FF/Latch will be trimmed during the optimization process.
WARNING:Xst:1895 - Due to other FF/Latch trimming, FF/Latch <ascii_result1_4> (without init value) has a constant value of 0 in block <top>. This FF/Latch will be trimmed during the optimization process.
WARNING:Xst:1895 - Due to other FF/Latch trimming, FF/Latch <ascii_result1_5> (without init value) has a constant value of 1 in block <top>. This FF/Latch will be trimmed during the optimization process.
WARNING:Xst:1895 - Due to other FF/Latch trimming, FF/Latch <ascii_result1_6> (without init value) has a constant value of 0 in block <top>. This FF/Latch will be trimmed during the optimization process.
WARNING:Xst:1895 - Due to other FF/Latch trimming, FF/Latch <ascii_result1_7> (without init value) has a constant value of 0 in block <top>. This FF/Latch will be trimmed during the optimization process.
WARNING:Xst:1895 - Due to other FF/Latch trimming, FF/Latch <ascii_result5_6> (without init value) has a constant value of 0 in block <top>. This FF/Latch will be trimmed during the optimization process.
WARNING:Xst:1895 - Due to other FF/Latch trimming, FF/Latch <ascii_result5_7> (without init value) has a constant value of 0 in block <top>. This FF/Latch will be trimmed during the optimization process.
INFO:Xst:2261 - The FF/Latch <ascii_result1_0> in Unit <top> is equivalent to the following 2 FFs/Latches, which will be removed : <ascii_result1_2> <ascii_result1_3> 
INFO:Xst:2261 - The FF/Latch <resultado_pronto> in Unit <top> is equivalent to the following 3 FFs/Latches, which will be removed : <ascii_result4_1> <ascii_result4_2> <ascii_result4_3> 
WARNING:Xst:1710 - FF/Latch <ascii_result2_5> (without init value) has a constant value of 1 in block <top>. This FF/Latch will be trimmed during the optimization process.
WARNING:Xst:1895 - Due to other FF/Latch trimming, FF/Latch <ascii_result3_3> (without init value) has a constant value of 0 in block <top>. This FF/Latch will be trimmed during the optimization process.
WARNING:Xst:1895 - Due to other FF/Latch trimming, FF/Latch <ascii_result3_5> (without init value) has a constant value of 1 in block <top>. This FF/Latch will be trimmed during the optimization process.
WARNING:Xst:1895 - Due to other FF/Latch trimming, FF/Latch <ascii_result5_5> (without init value) has a constant value of 1 in block <top>. This FF/Latch will be trimmed during the optimization process.
WARNING:Xst:2677 - Node <Mmult_mult0000_mult0000_0> of sequential type is unconnected in block <top>.
INFO:Xst:2261 - The FF/Latch <inteiro_0> in Unit <top> is equivalent to the following FF/Latch, which will be removed : <Mmult_mult0000_mult0000_3> 
INFO:Xst:2261 - The FF/Latch <resultado_pronto> in Unit <top> is equivalent to the following 3 FFs/Latches, which will be removed : <ascii_result2_4> <ascii_result3_4> <ascii_result5_4> 
INFO:Xst:2261 - The FF/Latch <inteiro_1> in Unit <top> is equivalent to the following FF/Latch, which will be removed : <Mmult_mult0000_mult0000_2> 
INFO:Xst:2261 - The FF/Latch <inteiro_2> in Unit <top> is equivalent to the following FF/Latch, which will be removed : <Mmult_mult0000_mult0000_1> 

Optimizing unit <top> ...

Optimizing unit <teclado_ps2> ...
WARNING:Xst:1293 - FF/Latch <s_operador_6> has a constant value of 0 in block <top>. This FF/Latch will be trimmed during the optimization process.
WARNING:Xst:1896 - Due to other FF/Latch trimming, FF/Latch <s_operador_7> has a constant value of 0 in block <top>. This FF/Latch will be trimmed during the optimization process.

Mapping all equations...
Building and optimizing final netlist ...
Found area constraint ratio of 100 (+ 5) on block top, actual ratio is 2.

Final Macro Processing ...

Processing Unit <top> :
	Found 2-bit shift register for signal <teclado_inst/ps2_clk_sync_1>.
Unit <top> processed.

=========================================================================
Final Register Report

Macro Statistics
# Registers                                            : 94
 Flip-Flops                                            : 94
# Shift Registers                                      : 1
 2-bit shift register                                  : 1

=========================================================================

=========================================================================
*                           Partition Report                            *
=========================================================================

Partition Implementation Status
-------------------------------

  No Partitions were found in this design.

-------------------------------

=========================================================================
*                            Final Report                               *
=========================================================================
Final Results
RTL Top Level Output File Name     : top.ngr
Top Level Output File Name         : top
Output Format                      : NGC
Optimization Goal                  : Speed
Keep Hierarchy                     : No

Design Statistics
# IOs                              : 54

Cell Usage :
# BELS                             : 388
#      GND                         : 1
#      INV                         : 28
#      LUT1                        : 2
#      LUT2                        : 43
#      LUT2_D                      : 1
#      LUT3                        : 52
#      LUT3_D                      : 1
#      LUT4                        : 113
#      LUT4_L                      : 24
#      MUXCY                       : 53
#      MUXF5                       : 22
#      VCC                         : 1
#      XORCY                       : 47
# FlipFlops/Latches                : 95
#      FD                          : 2
#      FDE                         : 27
#      FDR                         : 1
#      FDRE                        : 64
#      FDSE                        : 1
# Shift Registers                  : 1
#      SRL16                       : 1
# Clock Buffers                    : 1
#      BUFGP                       : 1
# IO Buffers                       : 53
#      IBUF                        : 3
#      OBUF                        : 50
# MULTs                            : 7
#      MULT18X18SIO                : 7
=========================================================================

Device utilization summary:
---------------------------

Selected Device : 3s700anfgg484-5 

 Number of Slices:                      143  out of   5888     2%  
 Number of Slice Flip Flops:             95  out of  11776     0%  
 Number of 4 input LUTs:                265  out of  11776     2%  
    Number used as logic:               264
    Number used as Shift registers:       1
 Number of IOs:                          54
 Number of bonded IOBs:                  54  out of    372    14%  
 Number of MULT18X18SIOs:                 7  out of     20    35%  
 Number of GCLKs:                         1  out of     24     4%  

---------------------------
Partition Resource Summary:
---------------------------

  No Partitions were found in this design.

---------------------------


=========================================================================
TIMING REPORT

NOTE: THESE TIMING NUMBERS ARE ONLY A SYNTHESIS ESTIMATE.
      FOR ACCURATE TIMING INFORMATION PLEASE REFER TO THE TRACE REPORT
      GENERATED AFTER PLACE-and-ROUTE.

Clock Information:
------------------
-----------------------------------+------------------------+-------+
Clock Signal                       | Clock buffer(FF name)  | Load  |
-----------------------------------+------------------------+-------+
clk                                | BUFGP                  | 100   |
-----------------------------------+------------------------+-------+

Asynchronous Control Signals Information:
----------------------------------------
No asynchronous control signals found in this design

Timing Summary:
---------------
Speed Grade: -5

   Minimum period: 10.741ns (Maximum Frequency: 93.101MHz)
   Minimum input arrival time before clock: 3.650ns
   Maximum output required time after clock: 5.755ns
   Maximum combinational path delay: No path found

Timing Detail:
--------------
All values displayed in nanoseconds (ns)

=========================================================================
Timing constraint: Default period analysis for Clock 'clk'
  Clock period: 10.741ns (frequency: 93.101MHz)
  Total number of paths / destination ports: 10309 / 235
-------------------------------------------------------------------------
Delay:               10.741ns (Levels of Logic = 12)
  Source:            op2_0 (FF)
  Destination:       Mmult_tmp_mult0000 (MULT)
  Source Clock:      clk rising
  Destination Clock: clk rising

  Data Path: op2_0 to Mmult_tmp_mult0000
                                Gate     Net
    Cell:in->out      fanout   Delay   Delay  Logical Name (Net Name)
    ----------------------------------------  ------------
     FDRE:C->Q             4   0.495   0.565  op2_0 (op2_0)
     LUT2:I1->O            1   0.562   0.000  Msub_resultado_addsub0000_lut<0> (Msub_resultado_addsub0000_lut<0>)
     MUXCY:S->O            1   0.523   0.000  Msub_resultado_addsub0000_cy<0> (Msub_resultado_addsub0000_cy<0>)
     MUXCY:CI->O           1   0.065   0.000  Msub_resultado_addsub0000_cy<1> (Msub_resultado_addsub0000_cy<1>)
     MUXCY:CI->O           1   0.065   0.000  Msub_resultado_addsub0000_cy<2> (Msub_resultado_addsub0000_cy<2>)
     MUXCY:CI->O           1   0.065   0.000  Msub_resultado_addsub0000_cy<3> (Msub_resultado_addsub0000_cy<3>)
     MUXCY:CI->O           1   0.065   0.000  Msub_resultado_addsub0000_cy<4> (Msub_resultado_addsub0000_cy<4>)
     MUXCY:CI->O           1   0.065   0.000  Msub_resultado_addsub0000_cy<5> (Msub_resultado_addsub0000_cy<5>)
     MUXCY:CI->O           0   0.065   0.000  Msub_resultado_addsub0000_cy<6> (Msub_resultado_addsub0000_cy<6>)
     XORCY:CI->O          11   0.654   0.793  Msub_resultado_addsub0000_xor<7> (resultado_addsub0000<7>)
     MULT18X18SIO:A7->P10    1   4.112   0.380  Mmult_resultado_mult0005 (resultado_mult0005<10>)
     LUT3:I2->O            1   0.561   0.357  resultado_mux0001<10>6 (resultado_mux0001<10>6)
     MUXF5:S->O            9   0.652   0.697  resultado_mux0001<10>50 (resultado_mux0001<10>)
     MULT18X18SIO:A10          0.000          Mmult_tmp_mult0000
    ----------------------------------------
    Total                     10.741ns (7.949ns logic, 2.792ns route)
                                       (74.0% logic, 26.0% route)

=========================================================================
Timing constraint: Default OFFSET IN BEFORE for Clock 'clk'
  Total number of paths / destination ports: 99 / 99
-------------------------------------------------------------------------
Offset:              3.650ns (Levels of Logic = 2)
  Source:            reset (PAD)
  Destination:       Mmult_tmp_mult0000 (MULT)
  Destination Clock: clk rising

  Data Path: reset to Mmult_tmp_mult0000
                                Gate     Net
    Cell:in->out      fanout   Delay   Delay  Logical Name (Net Name)
    ----------------------------------------  ------------
     IBUF:I->O            69   0.824   1.106  reset_IBUF (reset_IBUF)
     LUT3:I2->O           12   0.561   0.817  decimal_not00011 (decimal_not0001)
     MULT18X18SIO:CEP          0.342          Mmult_tmp_mult0000
    ----------------------------------------
    Total                      3.650ns (1.727ns logic, 1.923ns route)
                                       (47.3% logic, 52.7% route)

=========================================================================
Timing constraint: Default OFFSET OUT AFTER for Clock 'clk'
  Total number of paths / destination ports: 28 / 28
-------------------------------------------------------------------------
Offset:              5.755ns (Levels of Logic = 1)
  Source:            teclado_inst/dado_reg_4 (FF)
  Destination:       dado_ascii_out<4> (PAD)
  Source Clock:      clk rising

  Data Path: teclado_inst/dado_reg_4 to dado_ascii_out<4>
                                Gate     Net
    Cell:in->out      fanout   Delay   Delay  Logical Name (Net Name)
    ----------------------------------------  ------------
     FDE:C->Q             15   0.495   0.864  teclado_inst/dado_reg_4 (teclado_inst/dado_reg_4)
     OBUF:I->O                 4.396          dado_ascii_out_4_OBUF (dado_ascii_out<4>)
    ----------------------------------------
    Total                      5.755ns (4.891ns logic, 0.864ns route)
                                       (85.0% logic, 15.0% route)

=========================================================================


Total REAL time to Xst completion: 13.00 secs
Total CPU time to Xst completion: 2.12 secs
 
--> 


Total memory usage is 627612 kilobytes

Number of errors   :    0 (   0 filtered)
Number of warnings :   52 (   0 filtered)
Number of infos    :   11 (   0 filtered)

