Command line:
   tb_teclado_ps2_isim_beh.exe
     -simmode  gui
     -simrunnum  0
     -socket  62179

Tue Jun 24 07:13:31 2025


 Elaboration Time: 0.03125 sec

 Current Memory Usage: 5150.37 Meg

 Total Signals          : 21
 Total Nets             : 48
 Total Signal Drivers   : 15
 Total Blocks           : 5
 Total Primitive Blocks : 4
 Total Processes        : 9
 Total Traceable Variables  : 11
 Total Scalar Nets and Variables : 427
Total Line Count : 56

 Total Simulation Time: 0.140625 sec

 Current Memory Usage: 5150.37 Meg

Tue Jun 24 07:13:34 2025

