
****** PlanAhead v14.7 (64-bit)
  **** Build 321239 by xbuild on Fri Sep 27 19:24:36 MDT 2013
    ** Copyright 1986-1999, 2001-2013 Xilinx, Inc. All Rights Reserved.

INFO: [Common 17-78] Attempting to get a license: PlanAhead
INFO: [Common 17-290] Got license for PlanAhead
INFO: [Common 17-86] Your PlanAhead license expires in -2977 day(s)
INFO: [Device 21-36] Loading parts and site information from /opt/Xilinx/14.7/ISE_DS/PlanAhead/data/parts/arch.xml
Parsing RTL primitives file [/opt/Xilinx/14.7/ISE_DS/PlanAhead/data/parts/xilinx/rtl/prims/rtl_prims.xml]
Finished parsing RTL primitives file [/opt/Xilinx/14.7/ISE_DS/PlanAhead/data/parts/xilinx/rtl/prims/rtl_prims.xml]
start_gui
source /home/ise/VirtualBox/Trabalho-2-Sistemas-Digitais/calculadora_fpga/pa.fromHdl.tcl
# create_project -name calculadora_fpga -dir "/home/ise/VirtualBox/Trabalho-2-Sistemas-Digitais/calculadora_fpga/planAhead_run_1" -part xc3s700anfgg484-5
# set_param project.pinAheadLayout yes
# set srcset [get_property srcset [current_run -impl]]
# set_property target_constrs_file "top.ucf" [current_fileset -constrset]
Adding file '/home/ise/VirtualBox/Trabalho-2-Sistemas-Digitais/calculadora_fpga/top.ucf' to fileset 'constrs_1'
# set hdlfile [add_files [list {src/top.vhd}]]
# set_property file_type VHDL $hdlfile
# set_property library work $hdlfile
# set_property top top $srcset
# add_files [list {top.ucf}] -fileset [get_property constrset [current_run]]
# open_rtl_design -part xc3s700anfgg484-5
Using Verific elaboration
Parsing VHDL file "/opt/Xilinx/14.7/ISE_DS/PlanAhead/data/parts/xilinx/rtl/lib/synplify/synattr.vhd" into library synplify
Parsing VHDL file "/opt/Xilinx/14.7/ISE_DS/PlanAhead/data/parts/xilinx/rtl/lib/synplify/synattr.vhd" into library synplify
Parsing VHDL file "/home/ise/VirtualBox/Trabalho-2-Sistemas-Digitais/calculadora_fpga/src/top.vhd" into library work
INFO: [Designutils 20-910] Reading macro library /opt/Xilinx/14.7/ISE_DS/PlanAhead/data/./parts/xilinx/spartan3a/hd_int_macros.edn
Parsing EDIF File [/opt/Xilinx/14.7/ISE_DS/PlanAhead/data/./parts/xilinx/spartan3a/hd_int_macros.edn]
Finished Parsing EDIF File [/opt/Xilinx/14.7/ISE_DS/PlanAhead/data/./parts/xilinx/spartan3a/hd_int_macros.edn]
Loading clock regions from /opt/Xilinx/14.7/ISE_DS/PlanAhead/data/parts/xilinx/spartan3a/spartan3a/xc3s700an/ClockRegion.xml
Loading clock buffers from /opt/Xilinx/14.7/ISE_DS/PlanAhead/data/parts/xilinx/spartan3a/spartan3a/xc3s700an/ClockBuffers.xml
Loading package from /opt/Xilinx/14.7/ISE_DS/PlanAhead/data/parts/xilinx/spartan3a/spartan3a/xc3s700an/fgg484/Package.xml
Loading io standards from /opt/Xilinx/14.7/ISE_DS/PlanAhead/data/./parts/xilinx/spartan3a/IOStandards.xml
INFO: [Device 21-19] Loading pkg sso from /opt/Xilinx/14.7/ISE_DS/PlanAhead/data/parts/xilinx/spartan3a/spartan3a/xc3s700an/fgg484/SSORules.xml
Loading list of drcs for the architecture : /opt/Xilinx/14.7/ISE_DS/PlanAhead/data/./parts/xilinx/spartan3a/drc.xml
INFO: [Timing 38-77] Reading timing library /opt/Xilinx/14.7/ISE_DS/PlanAhead/data/parts/xilinx/spartan3a/spartan3a/spartan3a-5.lib.
INFO: [Timing 38-34] Done reading timing library /opt/Xilinx/14.7/ISE_DS/PlanAhead/data/parts/xilinx/spartan3a/spartan3a/spartan3a-5.lib.
Parsing UCF File [/home/ise/VirtualBox/Trabalho-2-Sistemas-Digitais/calculadora_fpga/top.ucf]
Finished Parsing UCF File [/home/ise/VirtualBox/Trabalho-2-Sistemas-Digitais/calculadora_fpga/top.ucf]
INFO: [Project 1-111] Unisim Transformation Summary:
No Unisim elements were transformed.

Phase 0 | Netlist Checksum: 1e8ae40e
open_rtl_design: Time (s): cpu = 00:00:02 ; elapsed = 00:00:12 . Memory (MB): peak = 2751.105 ; gain = 101.039
update_compile_order -fileset sim_1
set_property iostandard LVCMOS33 [get_ports [list {ascii_result1[7]} {ascii_result1[6]} {ascii_result1[5]} {ascii_result1[4]} {ascii_result1[3]} {ascii_result1[2]} {ascii_result1[1]} {ascii_result1[0]}]]
set_property iostandard LVCMOS33 [get_ports [list {ascii_result2[7]} {ascii_result2[6]} {ascii_result2[5]} {ascii_result2[4]} {ascii_result2[3]} {ascii_result2[2]} {ascii_result2[1]} {ascii_result2[0]}]]
set_property iostandard LVCMOS33 [get_ports [list {ascii_result3[7]} {ascii_result3[6]} {ascii_result3[5]} {ascii_result3[4]} {ascii_result3[3]} {ascii_result3[2]} {ascii_result3[1]} {ascii_result3[0]}]]
set_property iostandard LVCMOS33 [get_ports [list {ascii_result4[7]} {ascii_result4[6]} {ascii_result4[5]} {ascii_result4[4]} {ascii_result4[3]} {ascii_result4[2]} {ascii_result4[1]} {ascii_result4[0]}]]
set_property iostandard LVCMOS33 [get_ports [list {ascii_result5[7]} {ascii_result5[6]} {ascii_result5[5]} {ascii_result5[4]} {ascii_result5[3]} {ascii_result5[2]} {ascii_result5[1]} {ascii_result5[0]}]]
set_property iostandard LVCMOS33 [get_ports [list {dado_ascii[7]} {dado_ascii[6]} {dado_ascii[5]} {dado_ascii[4]} {dado_ascii[3]} {dado_ascii[2]} {dado_ascii[1]} {dado_ascii[0]}]]
set_property iostandard LVCMOS33 [get_ports [list erro_div_zero]]
set_property iostandard LVCMOS33 [get_ports [list clk]]
set_property iostandard LVCMOS33 [get_ports [list pronto]]
set_property iostandard LVCMOS33 [get_ports [list reset]]
set_property iostandard LVCMOS33 [get_ports [list resultado_pronto]]
save_constraints
startgroup
set_property package_pin C9 [get_ports clk]
endgroup
set_property package_pin "" [get_ports [list  erro_div_zero]]
startgroup
set_property package_pin T9 [get_ports reset]
endgroup
exit
ERROR: [Common 17-39] 'stop_gui' failed due to earlier errors.
INFO: [Common 17-206] Exiting PlanAhead at Tue Jun 24 18:35:54 2025...
INFO: [Common 17-83] Releasing license: PlanAhead
