Command line:
   teclado_ps2_isim_beh.exe
     -simmode  gui
     -simrunnum  1
     -socket  62145

Tue Jun 24 06:47:54 2025


 Elaboration Time: 0.03125 sec

 Current Memory Usage: 5150.37 Meg

 Total Signals          : 19
 Total Nets             : 59
 Total Signal Drivers   : 15
 Total Blocks           : 4
 Total Primitive Blocks : 4
 Total Processes        : 9
 Total Traceable Variables  : 10
 Total Scalar Nets and Variables : 437
Total Line Count : 47

 Total Simulation Time: 0.078125 sec

 Current Memory Usage: 5150.37 Meg

Tue Jun 24 06:47:59 2025

