#-----------------------------------------------------------
# PlanAhead v14.7 (64-bit)
# Build 321239 by xbuild on Fri Sep 27 19:24:36 MDT 2013
# Start of session at: Tue Jun 24 19:04:11 2025
# Process ID: 4117
# Log file: /home/ise/VirtualBox/Trabalho-2-Sistemas-Digitais/calculadora_fpga/planAhead_run_3/planAhead.log
# Journal file: /home/ise/VirtualBox/Trabalho-2-Sistemas-Digitais/calculadora_fpga/planAhead_run_3/planAhead.jou
#-----------------------------------------------------------
INFO: [Common 17-78] Attempting to get a license: PlanAhead
INFO: [Common 17-290] Got license for PlanAhead
INFO: [Common 17-86] Your PlanAhead license expires in -2977 day(s)
INFO: [Device 21-36] Loading parts and site information from /opt/Xilinx/14.7/ISE_DS/PlanAhead/data/parts/arch.xml
Parsing RTL primitives file [/opt/Xilinx/14.7/ISE_DS/PlanAhead/data/parts/xilinx/rtl/prims/rtl_prims.xml]
Finished parsing RTL primitives file [/opt/Xilinx/14.7/ISE_DS/PlanAhead/data/parts/xilinx/rtl/prims/rtl_prims.xml]
start_gui
source /home/ise/VirtualBox/Trabalho-2-Sistemas-Digitais/calculadora_fpga/pa.fromHdl.tcl
# create_project -name calculadora_fpga -dir "/home/ise/VirtualBox/Trabalho-2-Sistemas-Digitais/calculadora_fpga/planAhead_run_3" -part xc3s700anfgg484-5
# set_param project.pinAheadLayout yes
# set srcset [get_property srcset [current_run -impl]]
# set_property target_constrs_file "top.ucf" [current_fileset -constrset]
Adding file '/home/ise/VirtualBox/Trabalho-2-Sistemas-Digitais/calculadora_fpga/top.ucf' to fileset 'constrs_1'
# set hdlfile [add_files [list {src/teclado_ps2.vhd}]]
# set_property file_type VHDL $hdlfile
# set_property library work $hdlfile
# set hdlfile [add_files [list {src/top.vhd}]]
# set_property file_type VHDL $hdlfile
# set_property library work $hdlfile
# set_property top top $srcset
# add_files [list {top.ucf}] -fileset [get_property constrset [current_run]]
# open_rtl_design -part xc3s700anfgg484-5
Using Verific elaboration
Parsing VHDL file "/opt/Xilinx/14.7/ISE_DS/PlanAhead/data/parts/xilinx/rtl/lib/synplify/synattr.vhd" into library synplify
Parsing VHDL file "/opt/Xilinx/14.7/ISE_DS/PlanAhead/data/parts/xilinx/rtl/lib/synplify/synattr.vhd" into library synplify
Parsing VHDL file "/home/ise/VirtualBox/Trabalho-2-Sistemas-Digitais/calculadora_fpga/src/teclado_ps2.vhd" into library work
Parsing VHDL file "/home/ise/VirtualBox/Trabalho-2-Sistemas-Digitais/calculadora_fpga/src/top.vhd" into library work
INFO: [Designutils 20-910] Reading macro library /opt/Xilinx/14.7/ISE_DS/PlanAhead/data/./parts/xilinx/spartan3a/hd_int_macros.edn
Parsing EDIF File [/opt/Xilinx/14.7/ISE_DS/PlanAhead/data/./parts/xilinx/spartan3a/hd_int_macros.edn]
Finished Parsing EDIF File [/opt/Xilinx/14.7/ISE_DS/PlanAhead/data/./parts/xilinx/spartan3a/hd_int_macros.edn]
Loading clock regions from /opt/Xilinx/14.7/ISE_DS/PlanAhead/data/parts/xilinx/spartan3a/spartan3a/xc3s700an/ClockRegion.xml
Loading clock buffers from /opt/Xilinx/14.7/ISE_DS/PlanAhead/data/parts/xilinx/spartan3a/spartan3a/xc3s700an/ClockBuffers.xml
Loading package from /opt/Xilinx/14.7/ISE_DS/PlanAhead/data/parts/xilinx/spartan3a/spartan3a/xc3s700an/fgg484/Package.xml
Loading io standards from /opt/Xilinx/14.7/ISE_DS/PlanAhead/data/./parts/xilinx/spartan3a/IOStandards.xml
INFO: [Device 21-19] Loading pkg sso from /opt/Xilinx/14.7/ISE_DS/PlanAhead/data/parts/xilinx/spartan3a/spartan3a/xc3s700an/fgg484/SSORules.xml
Loading list of drcs for the architecture : /opt/Xilinx/14.7/ISE_DS/PlanAhead/data/./parts/xilinx/spartan3a/drc.xml
INFO: [Timing 38-77] Reading timing library /opt/Xilinx/14.7/ISE_DS/PlanAhead/data/parts/xilinx/spartan3a/spartan3a/spartan3a-5.lib.
INFO: [Timing 38-34] Done reading timing library /opt/Xilinx/14.7/ISE_DS/PlanAhead/data/parts/xilinx/spartan3a/spartan3a/spartan3a-5.lib.
Parsing UCF File [/home/ise/VirtualBox/Trabalho-2-Sistemas-Digitais/calculadora_fpga/top.ucf]
CRITICAL WARNING: [Constraints 18-11] Could not find net or pin 'dado_ascii[7]' [/home/ise/VirtualBox/Trabalho-2-Sistemas-Digitais/calculadora_fpga/top.ucf:44]
CRITICAL WARNING: [Constraints 18-11] Could not find net or pin 'dado_ascii[6]' [/home/ise/VirtualBox/Trabalho-2-Sistemas-Digitais/calculadora_fpga/top.ucf:45]
CRITICAL WARNING: [Constraints 18-11] Could not find net or pin 'dado_ascii[5]' [/home/ise/VirtualBox/Trabalho-2-Sistemas-Digitais/calculadora_fpga/top.ucf:46]
CRITICAL WARNING: [Constraints 18-11] Could not find net or pin 'dado_ascii[4]' [/home/ise/VirtualBox/Trabalho-2-Sistemas-Digitais/calculadora_fpga/top.ucf:47]
CRITICAL WARNING: [Constraints 18-11] Could not find net or pin 'dado_ascii[3]' [/home/ise/VirtualBox/Trabalho-2-Sistemas-Digitais/calculadora_fpga/top.ucf:48]
CRITICAL WARNING: [Constraints 18-11] Could not find net or pin 'dado_ascii[2]' [/home/ise/VirtualBox/Trabalho-2-Sistemas-Digitais/calculadora_fpga/top.ucf:49]
CRITICAL WARNING: [Constraints 18-11] Could not find net or pin 'dado_ascii[1]' [/home/ise/VirtualBox/Trabalho-2-Sistemas-Digitais/calculadora_fpga/top.ucf:50]
CRITICAL WARNING: [Constraints 18-11] Could not find net or pin 'dado_ascii[0]' [/home/ise/VirtualBox/Trabalho-2-Sistemas-Digitais/calculadora_fpga/top.ucf:51]
CRITICAL WARNING: [Constraints 18-11] Could not find net or pin 'pronto' [/home/ise/VirtualBox/Trabalho-2-Sistemas-Digitais/calculadora_fpga/top.ucf:54]
Finished Parsing UCF File [/home/ise/VirtualBox/Trabalho-2-Sistemas-Digitais/calculadora_fpga/top.ucf]
INFO: [Designutils 20-20] Invalid constraints found, use command 'write_ucf -constraints invalid <file>' to save all the invalid constraints to a file
INFO: [Project 1-111] Unisim Transformation Summary:
No Unisim elements were transformed.

Phase 0 | Netlist Checksum: 3d59fb4e
open_rtl_design: Time (s): cpu = 00:00:02 ; elapsed = 00:00:12 . Memory (MB): peak = 2757.555 ; gain = 115.074
update_compile_order -fileset sim_1
set_property iostandard LVCMOS33 [get_ports [list {dado_ascii_out[7]} {dado_ascii_out[6]} {dado_ascii_out[5]} {dado_ascii_out[4]} {dado_ascii_out[3]} {dado_ascii_out[2]} {dado_ascii_out[1]} {dado_ascii_out[0]}]]
save_constraints
startgroup
set_property package_pin U21 [get_ports {dado_ascii_out[7]}]
endgroup
startgroup
set_property package_pin Y22 [get_ports {dado_ascii_out[6]}]
endgroup
startgroup
set_property package_pin V20 [get_ports {dado_ascii_out[5]}]
endgroup
startgroup
set_property package_pin V19 [get_ports {dado_ascii_out[4]}]
endgroup
startgroup
set_property package_pin U19 [get_ports {dado_ascii_out[3]}]
endgroup
startgroup
set_property package_pin U20 [get_ports {dado_ascii_out[2]}]
endgroup
startgroup
set_property package_pin T19 [get_ports {dado_ascii_out[1]}]
endgroup
startgroup
set_property package_pin R20 [get_ports {dado_ascii_out[0]}]
endgroup
save_constraints
set_property package_pin "" [get_ports [list  clk]]
startgroup
set_property package_pin C9 [get_ports clk]
endgroup
startgroup
set_property package_pin V11 [get_ports ps2_clk]
endgroup
set_property package_pin "" [get_ports [list  ps2_data]]
startgroup
set_property package_pin W2 [get_ports ps2_clk]
endgroup
startgroup
set_property package_pin W12 [get_ports ps2_clk]
endgroup
startgroup
set_property package_pin V11 [get_ports ps2_data]
endgroup
save_constraints
startgroup
set_property package_pin T15 [get_ports reset]
endgroup
save_constraints
exit
ERROR: [#UNDEF] *** Exception: ui.h.b: Found deleted key in HTclEventBroker. Verify if the classes listed here call cleanup()
HTclEvent: DEBUG_CORE_CONFIG_CHANGE   Classes: ui.views.aR 
HTclEvent: SIGNAL_BUS_MODIFY   Classes: ui.views.aR 
HTclEvent: DEBUG_PORT_CONFIG_CHANGE   Classes: ui.views.aR 
HTclEvent: SIGNAL_MODIFY   Classes: ui.views.aR 
 (See /home/ise/VirtualBox/Trabalho-2-Sistemas-Digitais/calculadora_fpga/planAhead_pid4117.debug)
ERROR: [Common 17-39] 'stop_gui' failed due to earlier errors.
INFO: [Common 17-206] Exiting PlanAhead at Tue Jun 24 19:12:04 2025...
INFO: [Common 17-83] Releasing license: PlanAhead
