Command line:
   teclado_ps2_tb_isim_beh.exe
     -simmode  gui
     -simrunnum  0
     -socket  49367

Wed Jul 09 00:57:00 2025


 Elaboration Time: 0.140625 sec

 Current Memory Usage: 5151.04 Meg

 Total Signals          : 21
 Total Nets             : 55
 Total Signal Drivers   : 15
 Total Blocks           : 4
 Total Primitive Blocks : 3
 Total Processes        : 8
 Total Traceable Variables  : 14
 Total Scalar Nets and Variables : 539
Total Line Count : 82

 Total Simulation Time: 0.859375 sec

 Current Memory Usage: 4993.76 Meg

Wed Jul 09 00:58:21 2025

